2024-08-09 21:50:21 [scrapy.utils.log] INFO: Scrapy 2.11.1 started (bot: scrapers)
2024-08-09 21:50:21 [scrapy.utils.log] INFO: Versions: lxml 5.1.0.0, libxml2 2.12.3, cssselect 1.2.0, parsel 1.9.0, w3lib 2.1.2, Twisted 24.3.0, Python 3.11.1 (v3.11.1:a7a450f84a, Dec  6 2022, 15:24:06) [Clang 13.0.0 (clang-1300.0.29.30)], pyOpenSSL 24.1.0 (OpenSSL 3.2.1 30 Jan 2024), cryptography 42.0.5, Platform macOS-14.6.1-arm64-arm-64bit
2024-08-09 21:50:21 [scrapy.addons] INFO: Enabled addons:
[]
2024-08-09 21:50:21 [asyncio] DEBUG: Using selector: KqueueSelector
2024-08-09 21:50:21 [scrapy.utils.log] DEBUG: Using reactor: twisted.internet.asyncioreactor.AsyncioSelectorReactor
2024-08-09 21:50:21 [scrapy.utils.log] DEBUG: Using asyncio event loop: asyncio.unix_events._UnixSelectorEventLoop
2024-08-09 21:50:21 [scrapy.extensions.telnet] INFO: Telnet Password: 36999c784df6f365
2024-08-09 21:50:21 [scrapy.middleware] INFO: Enabled extensions:
['scrapy.extensions.corestats.CoreStats',
 'scrapy.extensions.telnet.TelnetConsole',
 'scrapy.extensions.memusage.MemoryUsage',
 'scrapy.extensions.feedexport.FeedExporter',
 'scrapy.extensions.logstats.LogStats']
2024-08-09 21:50:21 [scrapy.crawler] INFO: Overridden settings:
{'BOT_NAME': 'scrapers',
 'CONCURRENT_REQUESTS_PER_IP': 2,
 'FEED_EXPORT_ENCODING': 'utf-8',
 'LOG_FILE': 'logfile.log',
 'NEWSPIDER_MODULE': 'scrapers.spiders',
 'REQUEST_FINGERPRINTER_IMPLEMENTATION': '2.7',
 'SPIDER_MODULES': ['scrapers.spiders'],
 'TWISTED_REACTOR': 'twisted.internet.asyncioreactor.AsyncioSelectorReactor'}
2024-08-09 21:50:22 [scrapy.middleware] INFO: Enabled downloader middlewares:
['scrapy.downloadermiddlewares.httpauth.HttpAuthMiddleware',
 'scrapy.downloadermiddlewares.downloadtimeout.DownloadTimeoutMiddleware',
 'scrapy.downloadermiddlewares.defaultheaders.DefaultHeadersMiddleware',
 'scrapy.downloadermiddlewares.useragent.UserAgentMiddleware',
 'scrapy.downloadermiddlewares.retry.RetryMiddleware',
 'scrapy.downloadermiddlewares.redirect.MetaRefreshMiddleware',
 'scrapy.downloadermiddlewares.httpcompression.HttpCompressionMiddleware',
 'scrapy.downloadermiddlewares.redirect.RedirectMiddleware',
 'scrapy_proxy_pool.middlewares.BanDetectionMiddleware',
 'scrapy.downloadermiddlewares.cookies.CookiesMiddleware',
 'scrapy.downloadermiddlewares.httpproxy.HttpProxyMiddleware',
 'scrapy.downloadermiddlewares.stats.DownloaderStats']
2024-08-09 21:50:22 [scrapy.middleware] INFO: Enabled spider middlewares:
['scrapy.spidermiddlewares.httperror.HttpErrorMiddleware',
 'scrapy.spidermiddlewares.offsite.OffsiteMiddleware',
 'scrapy.spidermiddlewares.referer.RefererMiddleware',
 'scrapy.spidermiddlewares.urllength.UrlLengthMiddleware',
 'scrapy.spidermiddlewares.depth.DepthMiddleware']
2024-08-09 21:50:22 [scrapy.middleware] INFO: Enabled item pipelines:
[]
2024-08-09 21:50:22 [scrapy.core.engine] INFO: Spider opened
2024-08-09 21:50:22 [scrapy.extensions.logstats] INFO: Crawled 0 pages (at 0 pages/min), scraped 0 items (at 0 items/min)
2024-08-09 21:50:22 [scrapy.extensions.telnet] INFO: Telnet console listening on 127.0.0.1:6023
2024-08-09 21:50:22 [scrapy.downloadermiddlewares.retry] DEBUG: Retrying <GET https://stackoverflow.com/users?tab=Reputation&filter=all> (failed 1 times): 429 Unknown Status
2024-08-09 21:50:23 [scrapy.downloadermiddlewares.retry] DEBUG: Retrying <GET https://stackoverflow.com/users?tab=Reputation&filter=all> (failed 2 times): 429 Unknown Status
2024-08-09 21:50:23 [scrapy.downloadermiddlewares.retry] ERROR: Gave up retrying <GET https://stackoverflow.com/users?tab=Reputation&filter=all> (failed 3 times): 429 Unknown Status
2024-08-09 21:50:23 [scrapy.core.engine] DEBUG: Crawled (429) <GET https://stackoverflow.com/users?tab=Reputation&filter=all> (referer: None)
2024-08-09 21:50:23 [scrapy.spidermiddlewares.httperror] INFO: Ignoring response <429 https://stackoverflow.com/users?tab=Reputation&filter=all>: HTTP status code is not handled or not allowed
2024-08-09 21:50:23 [scrapy.core.engine] INFO: Closing spider (finished)
2024-08-09 21:50:23 [scrapy.extensions.feedexport] INFO: Stored csv feed (0 items) in: result.csv
2024-08-09 21:50:23 [scrapy.statscollectors] INFO: Dumping Scrapy stats:
{'bans/status/429': 3,
 'downloader/request_bytes': 1524,
 'downloader/request_count': 3,
 'downloader/request_method_count/GET': 3,
 'downloader/response_bytes': 54143,
 'downloader/response_count': 3,
 'downloader/response_status_count/429': 3,
 'elapsed_time_seconds': 1.582876,
 'feedexport/success_count/FileFeedStorage': 1,
 'finish_reason': 'finished',
 'finish_time': datetime.datetime(2024, 8, 9, 20, 50, 23, 604500, tzinfo=datetime.timezone.utc),
 'httperror/response_ignored_count': 1,
 'httperror/response_ignored_status_count/429': 1,
 'log_count/DEBUG': 6,
 'log_count/ERROR': 1,
 'log_count/INFO': 12,
 'memusage/max': 65732608,
 'memusage/startup': 65732608,
 'response_received_count': 1,
 'retry/count': 2,
 'retry/max_reached': 1,
 'retry/reason_count/429 Unknown Status': 2,
 'scheduler/dequeued': 3,
 'scheduler/dequeued/memory': 3,
 'scheduler/enqueued': 3,
 'scheduler/enqueued/memory': 3,
 'start_time': datetime.datetime(2024, 8, 9, 20, 50, 22, 21624, tzinfo=datetime.timezone.utc)}
2024-08-09 21:50:23 [scrapy.core.engine] INFO: Spider closed (finished)
